2023-09-01 01:58:17.663 PKT [35357] LOG:  starting PostgreSQL 15.4 on aarch64-apple-darwin21.6.0, compiled by Apple clang version 14.0.0 (clang-1400.0.29.102), 64-bit
2023-09-01 01:58:17.666 PKT [35357] LOG:  listening on IPv6 address "::1", port 5432
2023-09-01 01:58:17.666 PKT [35357] LOG:  listening on IPv4 address "127.0.0.1", port 5432
2023-09-01 01:58:17.667 PKT [35357] LOG:  listening on Unix socket "/tmp/.s.PGSQL.5432"
2023-09-01 01:58:17.673 PKT [35360] LOG:  database system was shut down at 2023-09-01 01:58:17 PKT
2023-09-01 01:58:17.678 PKT [35357] LOG:  database system is ready to accept connections
2023-09-01 02:00:48.532 PKT [35357] LOG:  received fast shutdown request
2023-09-01 02:00:48.534 PKT [35357] LOG:  aborting any active transactions
2023-09-01 02:00:48.536 PKT [35357] LOG:  background worker "logical replication launcher" (PID 35363) exited with exit code 1
2023-09-01 02:00:48.536 PKT [35358] LOG:  shutting down
2023-09-01 02:00:48.537 PKT [35358] LOG:  checkpoint starting: shutdown immediate
2023-09-01 02:00:48.598 PKT [35358] LOG:  checkpoint complete: wrote 976 buffers (6.0%); 0 WAL file(s) added, 0 removed, 0 recycled; write=0.035 s, sync=0.025 s, total=0.062 s; sync files=316, longest=0.001 s, average=0.001 s; distance=4568 kB, estimate=4568 kB
2023-09-01 02:00:48.606 PKT [35357] LOG:  database system is shut down
2023-09-01 02:02:50.119 PKT [35579] LOG:  starting PostgreSQL 15.4 on aarch64-apple-darwin21.6.0, compiled by Apple clang version 14.0.0 (clang-1400.0.29.102), 64-bit
2023-09-01 02:02:50.122 PKT [35579] LOG:  listening on IPv6 address "::1", port 5432
2023-09-01 02:02:50.122 PKT [35579] LOG:  listening on IPv4 address "127.0.0.1", port 5432
2023-09-01 02:02:50.123 PKT [35579] LOG:  listening on Unix socket "/tmp/.s.PGSQL.5432"
2023-09-01 02:02:50.129 PKT [35582] LOG:  database system was shut down at 2023-09-01 02:00:48 PKT
2023-09-01 02:02:50.136 PKT [35579] LOG:  database system is ready to accept connections
2023-09-01 03:39:09.434 PKT [3417] LOG:  starting PostgreSQL 15.4 on aarch64-apple-darwin21.6.0, compiled by Apple clang version 14.0.0 (clang-1400.0.29.102), 64-bit
2023-09-01 03:39:09.436 PKT [3417] LOG:  listening on IPv6 address "::1", port 5432
2023-09-01 03:39:09.436 PKT [3417] LOG:  listening on IPv4 address "127.0.0.1", port 5432
2023-09-01 03:39:09.437 PKT [3417] LOG:  listening on Unix socket "/tmp/.s.PGSQL.5432"
2023-09-01 03:39:09.444 PKT [3420] LOG:  database system was interrupted; last known up at 2023-09-01 02:02:50 PKT
2023-09-01 03:39:09.509 PKT [3420] LOG:  database system was not properly shut down; automatic recovery in progress
2023-09-01 03:39:09.511 PKT [3420] LOG:  invalid record length at 0/1BD5708: wanted 24, got 0
2023-09-01 03:39:09.512 PKT [3420] LOG:  redo is not required
2023-09-01 03:39:09.515 PKT [3418] LOG:  checkpoint starting: end-of-recovery immediate wait
2023-09-01 03:39:09.517 PKT [3418] LOG:  checkpoint complete: wrote 3 buffers (0.0%); 0 WAL file(s) added, 0 removed, 0 recycled; write=0.001 s, sync=0.001 s, total=0.003 s; sync files=2, longest=0.001 s, average=0.001 s; distance=0 kB, estimate=0 kB
2023-09-01 03:39:09.520 PKT [3417] LOG:  database system is ready to accept connections
2023-09-04 15:48:01.965 PKT [9956] LOG:  starting PostgreSQL 15.4 on aarch64-apple-darwin21.6.0, compiled by Apple clang version 14.0.0 (clang-1400.0.29.102), 64-bit
2023-09-04 15:48:01.969 PKT [9956] LOG:  listening on IPv6 address "::1", port 5432
2023-09-04 15:48:01.969 PKT [9956] LOG:  listening on IPv4 address "127.0.0.1", port 5432
2023-09-04 15:48:01.969 PKT [9956] LOG:  listening on Unix socket "/tmp/.s.PGSQL.5432"
2023-09-04 15:48:01.977 PKT [9959] LOG:  database system was interrupted; last known up at 2023-09-01 03:39:09 PKT
2023-09-04 15:48:02.064 PKT [9959] LOG:  database system was not properly shut down; automatic recovery in progress
2023-09-04 15:48:02.068 PKT [9959] LOG:  redo starts at 0/1BD5780
2023-09-04 15:48:02.068 PKT [9959] LOG:  invalid record length at 0/1BD57B8: wanted 24, got 0
2023-09-04 15:48:02.068 PKT [9959] LOG:  redo done at 0/1BD5780 system usage: CPU: user: 0.00 s, system: 0.00 s, elapsed: 0.00 s
2023-09-04 15:48:02.071 PKT [9957] LOG:  checkpoint starting: end-of-recovery immediate wait
2023-09-04 15:48:02.074 PKT [9957] LOG:  checkpoint complete: wrote 3 buffers (0.0%); 0 WAL file(s) added, 0 removed, 0 recycled; write=0.002 s, sync=0.001 s, total=0.003 s; sync files=2, longest=0.001 s, average=0.001 s; distance=0 kB, estimate=0 kB
2023-09-04 15:48:02.077 PKT [9956] LOG:  database system is ready to accept connections
2023-09-04 15:55:43.308 PKT [10265] FATAL:  role "ChatApplication" does not exist
2023-09-04 15:58:02.045 PKT [9957] LOG:  checkpoint starting: time
2023-09-04 15:58:02.153 PKT [9957] LOG:  checkpoint complete: wrote 1 buffers (0.0%); 0 WAL file(s) added, 0 removed, 0 recycled; write=0.102 s, sync=0.002 s, total=0.108 s; sync files=1, longest=0.002 s, average=0.002 s; distance=0 kB, estimate=0 kB
2023-09-04 16:40:14.385 PKT [12043] ERROR:  relation "Users" does not exist at character 15
2023-09-04 16:40:14.385 PKT [12043] STATEMENT:  SELECT * FROM "Users";
2023-09-04 16:40:26.819 PKT [12043] ERROR:  syntax error at or near "User" at character 1
2023-09-04 16:40:26.819 PKT [12043] STATEMENT:  User
	SELECT * FROM "User";
2023-09-04 16:43:02.031 PKT [9957] LOG:  checkpoint starting: time
2023-09-04 16:43:02.135 PKT [9957] LOG:  checkpoint complete: wrote 1 buffers (0.0%); 0 WAL file(s) added, 0 removed, 0 recycled; write=0.102 s, sync=0.001 s, total=0.105 s; sync files=1, longest=0.001 s, average=0.001 s; distance=0 kB, estimate=0 kB
2023-09-04 16:50:31.567 PKT [12828] FATAL:  role "root" does not exist
2023-09-04 16:51:13.363 PKT [12899] FATAL:  database "database_development" does not exist
2023-09-04 16:58:02.092 PKT [9957] LOG:  checkpoint starting: time
2023-09-04 16:58:08.191 PKT [9957] LOG:  checkpoint complete: wrote 61 buffers (0.4%); 1 WAL file(s) added, 0 removed, 0 recycled; write=6.073 s, sync=0.007 s, total=6.099 s; sync files=52, longest=0.003 s, average=0.001 s; distance=244 kB, estimate=244 kB
2023-09-04 17:03:02.078 PKT [9957] LOG:  checkpoint starting: time
2023-09-04 17:03:02.388 PKT [9957] LOG:  checkpoint complete: wrote 3 buffers (0.0%); 0 WAL file(s) added, 0 removed, 0 recycled; write=0.304 s, sync=0.003 s, total=0.311 s; sync files=3, longest=0.003 s, average=0.001 s; distance=13 kB, estimate=221 kB
2023-09-04 17:33:02.326 PKT [9957] LOG:  checkpoint starting: time
2023-09-04 17:33:06.912 PKT [9957] LOG:  checkpoint complete: wrote 46 buffers (0.3%); 0 WAL file(s) added, 0 removed, 0 recycled; write=4.575 s, sync=0.007 s, total=4.587 s; sync files=49, longest=0.003 s, average=0.001 s; distance=191 kB, estimate=218 kB
2023-09-11 12:46:30.314 PKT [1312] LOG:  starting PostgreSQL 15.4 on aarch64-apple-darwin21.6.0, compiled by Apple clang version 14.0.0 (clang-1400.0.29.102), 64-bit
2023-09-11 12:46:30.317 PKT [1312] LOG:  listening on IPv6 address "::1", port 5432
2023-09-11 12:46:30.317 PKT [1312] LOG:  listening on IPv4 address "127.0.0.1", port 5432
2023-09-11 12:46:30.317 PKT [1312] LOG:  listening on Unix socket "/tmp/.s.PGSQL.5432"
2023-09-11 12:46:30.322 PKT [1315] LOG:  database system was interrupted; last known up at 2023-09-04 17:33:06 PKT
2023-09-11 12:46:30.381 PKT [1315] LOG:  database system was not properly shut down; automatic recovery in progress
2023-09-11 12:46:30.386 PKT [1315] LOG:  redo starts at 0/1C46150
2023-09-11 12:46:30.386 PKT [1315] LOG:  invalid record length at 0/1C46238: wanted 24, got 0
2023-09-11 12:46:30.386 PKT [1315] LOG:  redo done at 0/1C46200 system usage: CPU: user: 0.00 s, system: 0.00 s, elapsed: 0.00 s
2023-09-11 12:46:30.389 PKT [1313] LOG:  checkpoint starting: end-of-recovery immediate wait
2023-09-11 12:46:30.392 PKT [1313] LOG:  checkpoint complete: wrote 3 buffers (0.0%); 0 WAL file(s) added, 0 removed, 0 recycled; write=0.002 s, sync=0.001 s, total=0.004 s; sync files=2, longest=0.001 s, average=0.001 s; distance=0 kB, estimate=0 kB
2023-09-11 12:46:30.395 PKT [1312] LOG:  database system is ready to accept connections
2023-09-11 12:46:34.963 PKT [1327] FATAL:  database "your_database_name" does not exist
2023-09-11 12:50:33.086 PKT [1313] LOG:  checkpoint starting: immediate force wait
2023-09-11 12:50:33.121 PKT [1313] LOG:  checkpoint complete: wrote 940 buffers (5.7%); 0 WAL file(s) added, 0 removed, 1 recycled; write=0.018 s, sync=0.016 s, total=0.035 s; sync files=303, longest=0.001 s, average=0.001 s; distance=4349 kB, estimate=4349 kB
2023-09-11 12:51:43.000 PKT [1622] FATAL:  database "hadiqasumbalarshad" does not exist
2023-09-11 12:55:33.123 PKT [1313] LOG:  checkpoint starting: time
2023-09-11 12:55:33.330 PKT [1313] LOG:  checkpoint complete: wrote 3 buffers (0.0%); 0 WAL file(s) added, 0 removed, 0 recycled; write=0.203 s, sync=0.001 s, total=0.207 s; sync files=3, longest=0.001 s, average=0.001 s; distance=1 kB, estimate=3914 kB
2023-09-11 13:08:27.204 PKT [2523] FATAL:  database "hadiqasumbalarshad" does not exist
2023-09-11 13:08:56.227 PKT [2537] FATAL:  database "hadiqasumbalarshad" does not exist
2023-09-11 16:44:07.829 PKT [10385] FATAL:  database "hadiqasumbalarshad" does not exist
2023-09-12 11:51:18.129 PKT [25136] FATAL:  database "hadiqasumbalarshad" does not exist
2023-09-12 12:04:27.501 PKT [25774] FATAL:  database "hadiqasumbalarshad" does not exist
2023-09-12 12:04:29.279 PKT [1312] LOG:  received fast shutdown request
2023-09-12 12:04:29.279 PKT [1312] LOG:  aborting any active transactions
2023-09-12 12:04:29.280 PKT [22362] FATAL:  terminating connection due to administrator command
2023-09-12 12:04:29.280 PKT [25769] FATAL:  terminating connection due to administrator command
2023-09-12 12:04:29.280 PKT [22363] FATAL:  terminating connection due to administrator command
2023-09-12 12:04:29.282 PKT [1312] LOG:  background worker "logical replication launcher" (PID 1318) exited with exit code 1
2023-09-12 12:04:29.283 PKT [1313] LOG:  shutting down
2023-09-12 12:04:29.284 PKT [1313] LOG:  checkpoint starting: shutdown immediate
2023-09-12 12:04:29.289 PKT [1313] LOG:  checkpoint complete: wrote 0 buffers (0.0%); 0 WAL file(s) added, 0 removed, 0 recycled; write=0.004 s, sync=0.001 s, total=0.006 s; sync files=0, longest=0.000 s, average=0.000 s; distance=0 kB, estimate=3523 kB
2023-09-12 12:04:29.295 PKT [1312] LOG:  database system is shut down
2023-09-12 12:04:31.617 PKT [25781] LOG:  starting PostgreSQL 15.4 on aarch64-apple-darwin21.6.0, compiled by Apple clang version 14.0.0 (clang-1400.0.29.102), 64-bit
2023-09-12 12:04:31.619 PKT [25781] LOG:  listening on IPv6 address "::1", port 5432
2023-09-12 12:04:31.619 PKT [25781] LOG:  listening on IPv4 address "127.0.0.1", port 5432
2023-09-12 12:04:31.620 PKT [25781] LOG:  listening on Unix socket "/tmp/.s.PGSQL.5432"
2023-09-12 12:04:31.626 PKT [25785] LOG:  database system was shut down at 2023-09-12 12:04:29 PKT
2023-09-12 12:04:31.630 PKT [25781] LOG:  database system is ready to accept connections
2023-09-12 12:04:31.699 PKT [25789] FATAL:  database "hadiqasumbalarshad" does not exist
2023-09-12 12:09:31.632 PKT [25783] LOG:  checkpoint starting: time
2023-09-12 12:09:31.639 PKT [25783] LOG:  checkpoint complete: wrote 3 buffers (0.0%); 0 WAL file(s) added, 0 removed, 0 recycled; write=0.003 s, sync=0.001 s, total=0.007 s; sync files=2, longest=0.001 s, average=0.001 s; distance=0 kB, estimate=0 kB
2023-09-13 00:40:21.694 PKT [574] LOG:  starting PostgreSQL 15.4 on aarch64-apple-darwin21.6.0, compiled by Apple clang version 14.0.0 (clang-1400.0.29.102), 64-bit
2023-09-13 00:40:21.698 PKT [574] LOG:  listening on IPv6 address "::1", port 5432
2023-09-13 00:40:21.698 PKT [574] LOG:  listening on IPv4 address "127.0.0.1", port 5432
2023-09-13 00:40:21.698 PKT [574] LOG:  listening on Unix socket "/tmp/.s.PGSQL.5432"
2023-09-13 00:40:21.712 PKT [577] LOG:  database system was interrupted; last known up at 2023-09-12 12:09:31 PKT
2023-09-13 00:40:22.091 PKT [577] LOG:  database system was not properly shut down; automatic recovery in progress
2023-09-13 00:40:22.096 PKT [577] LOG:  redo starts at 0/2086078
2023-09-13 00:40:22.096 PKT [577] LOG:  invalid record length at 0/2086160: wanted 24, got 0
2023-09-13 00:40:22.096 PKT [577] LOG:  redo done at 0/2086128 system usage: CPU: user: 0.00 s, system: 0.00 s, elapsed: 0.00 s
2023-09-13 00:40:22.102 PKT [575] LOG:  checkpoint starting: end-of-recovery immediate wait
2023-09-13 00:40:22.105 PKT [575] LOG:  checkpoint complete: wrote 3 buffers (0.0%); 0 WAL file(s) added, 0 removed, 0 recycled; write=0.002 s, sync=0.001 s, total=0.004 s; sync files=2, longest=0.001 s, average=0.001 s; distance=0 kB, estimate=0 kB
2023-09-13 00:40:22.112 PKT [574] LOG:  database system is ready to accept connections
2023-09-13 00:40:22.227 PKT [586] FATAL:  database "hadiqasumbalarshad" does not exist
